52985
49897
49788
49281
50158
49138
49092
48842
49298
48896
49093
48808
49135
49007
52563
49255
49241
49059
49141
48858
49323
48878
49120
49469
49416
49613
49332
52164
49012
49142
49145
49098
48998
49434
49699
49246
49335
50563
49192
49460
49317
49772
49093
50019
49464
49489
49314
49010
48929
49509
49287
49196
49163
49396
49322
49646
49055
49739
49160
51552
49855
49084
48950
49082
49446
49396
49160
49225
49087
49263
49392
49259
48865
50183
50535
50598
50325
49145
49091
49217
48914
49020
49372
48976
49126
51768
49386
52721
51019
49307
48981
48941
49030
49026
49167
49971
49260
49306
52644
49408
49520
